GC Precious Log:
 CardTable entry size: 512
 Card Set container configuration: InlinePtr #cards 5 size 8 Array Of Cards #cards 10 size 36 Howl #buckets 4 coarsen threshold 1843 Howl Bitmap #cards 512 size 80 coarsen threshold 460 Card regions per heap region 1 cards per card region 2048
 CPUs: 2 total, 2 available
 Memory: 3902M
 Large Page Support: Disabled
 NUMA Support: Disabled
 Compressed Oops: Enabled (32-bit)
 Heap Region Size: 1M
 Heap Min Capacity: 8M
 Heap Initial Capacity: 62M
 Heap Max Capacity: 976M
 Pre-touch: Disabled
 Parallel Workers: 2
 Concurrent Workers: 1
 Concurrent Refinement Workers: 2
 Periodic GC: Disabled
Heap:
 garbage-first heap   total reserved 999424K, committed 201728K, used 73728K [0x00000000c3000000, 0x0000000100000000)
  region size 1024K, 13 young (13312K), 1 survivors (1024K)
 Metaspace       used 79904K, committed 80576K, reserved 1179648K
  class space    used 9054K, committed 9344K, reserved 1048576K
GC Heap History (20 events):
Event: 22.201 GC heap before
{Heap before GC invocations=18 (full 0):
 garbage-first heap   total reserved 999424K, committed 53248K, used 42926K [0x00000000c3000000, 0x0000000100000000)
  region size 1024K, 15 young (15360K), 3 survivors (3072K)
 Metaspace       used 66505K, committed 67072K, reserved 1114112K
  class space    used 7305K, committed 7552K, reserved 1048576K
}
Event: 22.213 GC heap after
{Heap after GC invocations=19 (full 0):
 garbage-first heap   total reserved 999424K, committed 53248K, used 31694K [0x00000000c3000000, 0x0000000100000000)
  region size 1024K, 2 young (2048K), 2 survivors (2048K)
 Metaspace       used 66505K, committed 67072K, reserved 1114112K
  class space    used 7305K, committed 7552K, reserved 1048576K
}
Event: 22.507 GC heap before
{Heap before GC invocations=19 (full 0):
 garbage-first heap   total reserved 999424K, committed 53248K, used 47054K [0x00000000c3000000, 0x0000000100000000)
  region size 1024K, 17 young (17408K), 2 survivors (2048K)
 Metaspace       used 66562K, committed 67136K, reserved 1114112K
  class space    used 7310K, committed 7552K, reserved 1048576K
}
Event: 22.531 GC heap after
{Heap after GC invocations=20 (full 0):
 garbage-first heap   total reserved 999424K, committed 65536K, used 35092K [0x00000000c3000000, 0x0000000100000000)
  region size 1024K, 3 young (3072K), 3 survivors (3072K)
 Metaspace       used 66562K, committed 67136K, reserved 1114112K
  class space    used 7310K, committed 7552K, reserved 1048576K
}
Event: 23.132 GC heap before
{Heap before GC invocations=20 (full 0):
 garbage-first heap   total reserved 999424K, committed 65536K, used 56596K [0x00000000c3000000, 0x0000000100000000)
  region size 1024K, 25 young (25600K), 3 survivors (3072K)
 Metaspace       used 67889K, committed 68416K, reserved 1114112K
  class space    used 7565K, committed 7808K, reserved 1048576K
}
Event: 23.153 GC heap after
{Heap after GC invocations=21 (full 0):
 garbage-first heap   total reserved 999424K, committed 65536K, used 38912K [0x00000000c3000000, 0x0000000100000000)
  region size 1024K, 4 young (4096K), 4 survivors (4096K)
 Metaspace       used 67889K, committed 68416K, reserved 1114112K
  class space    used 7565K, committed 7808K, reserved 1048576K
}
Event: 23.579 GC heap before
{Heap before GC invocations=22 (full 0):
 garbage-first heap   total reserved 999424K, committed 65536K, used 57344K [0x00000000c3000000, 0x0000000100000000)
  region size 1024K, 22 young (22528K), 4 survivors (4096K)
 Metaspace       used 68373K, committed 68928K, reserved 1114112K
  class space    used 7698K, committed 7936K, reserved 1048576K
}
Event: 23.611 GC heap after
{Heap after GC invocations=23 (full 0):
 garbage-first heap   total reserved 999424K, committed 69632K, used 46592K [0x00000000c3000000, 0x0000000100000000)
  region size 1024K, 3 young (3072K), 3 survivors (3072K)
 Metaspace       used 68373K, committed 68928K, reserved 1114112K
  class space    used 7698K, committed 7936K, reserved 1048576K
}
Event: 24.001 GC heap before
{Heap before GC invocations=23 (full 0):
 garbage-first heap   total reserved 999424K, committed 69632K, used 59904K [0x00000000c3000000, 0x0000000100000000)
  region size 1024K, 16 young (16384K), 3 survivors (3072K)
 Metaspace       used 68383K, committed 68928K, reserved 1114112K
  class space    used 7698K, committed 7936K, reserved 1048576K
}
Event: 24.017 GC heap after
{Heap after GC invocations=24 (full 0):
 garbage-first heap   total reserved 999424K, committed 69632K, used 48264K [0x00000000c3000000, 0x0000000100000000)
  region size 1024K, 2 young (2048K), 2 survivors (2048K)
 Metaspace       used 68383K, committed 68928K, reserved 1114112K
  class space    used 7698K, committed 7936K, reserved 1048576K
}
Event: 24.268 GC heap before
{Heap before GC invocations=24 (full 0):
 garbage-first heap   total reserved 999424K, committed 69632K, used 60552K [0x00000000c3000000, 0x0000000100000000)
  region size 1024K, 14 young (14336K), 2 survivors (2048K)
 Metaspace       used 68388K, committed 68928K, reserved 1114112K
  class space    used 7698K, committed 7936K, reserved 1048576K
}
Event: 24.282 GC heap after
{Heap after GC invocations=25 (full 0):
 garbage-first heap   total reserved 999424K, committed 69632K, used 51627K [0x00000000c3000000, 0x0000000100000000)
  region size 1024K, 2 young (2048K), 2 survivors (2048K)
 Metaspace       used 68388K, committed 68928K, reserved 1114112K
  class space    used 7698K, committed 7936K, reserved 1048576K
}
Event: 24.569 GC heap before
{Heap before GC invocations=26 (full 0):
 garbage-first heap   total reserved 999424K, committed 86016K, used 60843K [0x00000000c3000000, 0x0000000100000000)
  region size 1024K, 12 young (12288K), 2 survivors (2048K)
 Metaspace       used 68388K, committed 68928K, reserved 1114112K
  class space    used 7698K, committed 7936K, reserved 1048576K
}
Event: 24.588 GC heap after
{Heap after GC invocations=27 (full 0):
 garbage-first heap   total reserved 999424K, committed 86016K, used 55296K [0x00000000c3000000, 0x0000000100000000)
  region size 1024K, 2 young (2048K), 2 survivors (2048K)
 Metaspace       used 68388K, committed 68928K, reserved 1114112K
  class space    used 7698K, committed 7936K, reserved 1048576K
}
Event: 24.659 GC heap before
{Heap before GC invocations=27 (full 0):
 garbage-first heap   total reserved 999424K, committed 86016K, used 70656K [0x00000000c3000000, 0x0000000100000000)
  region size 1024K, 18 young (18432K), 2 survivors (2048K)
 Metaspace       used 68390K, committed 68928K, reserved 1114112K
  class space    used 7698K, committed 7936K, reserved 1048576K
}
Event: 24.692 GC heap after
{Heap after GC invocations=28 (full 0):
 garbage-first heap   total reserved 999424K, committed 201728K, used 57344K [0x00000000c3000000, 0x0000000100000000)
  region size 1024K, 3 young (3072K), 3 survivors (3072K)
 Metaspace       used 68390K, committed 68928K, reserved 1114112K
  class space    used 7698K, committed 7936K, reserved 1048576K
}
Event: 403.940 GC heap before
{Heap before GC invocations=28 (full 0):
 garbage-first heap   total reserved 999424K, committed 201728K, used 143360K [0x00000000c3000000, 0x0000000100000000)
  region size 1024K, 87 young (89088K), 3 survivors (3072K)
 Metaspace       used 77963K, committed 78592K, reserved 1179648K
  class space    used 8866K, committed 9152K, reserved 1048576K
}
Event: 404.319 GC heap after
{Heap after GC invocations=29 (full 0):
 garbage-first heap   total reserved 999424K, committed 201728K, used 62976K [0x00000000c3000000, 0x0000000100000000)
  region size 1024K, 9 young (9216K), 9 survivors (9216K)
 Metaspace       used 77963K, committed 78592K, reserved 1179648K
  class space    used 8866K, committed 9152K, reserved 1048576K
}
Event: 573.380 GC heap before
{Heap before GC invocations=29 (full 0):
 garbage-first heap   total reserved 999424K, committed 201728K, used 67072K [0x00000000c3000000, 0x0000000100000000)
  region size 1024K, 14 young (14336K), 9 survivors (9216K)
 Metaspace       used 78732K, committed 79360K, reserved 1179648K
  class space    used 8937K, committed 9216K, reserved 1048576K
}
Event: 573.564 GC heap after
{Heap after GC invocations=30 (full 0):
 garbage-first heap   total reserved 999424K, committed 201728K, used 63488K [0x00000000c3000000, 0x0000000100000000)
  region size 1024K, 1 young (1024K), 1 survivors (1024K)
 Metaspace       used 78732K, committed 79360K, reserved 1179648K
  class space    used 8937K, committed 9216K, reserved 1048576K
}

